<?xml version="1.0" encoding="UTF-8"?>
<!-- Generated by org.testng.reporters.JUnitReportReporter -->
<testsuite hostname="LAPTOP-H18VO4HS" failures="0" tests="1" name="com.amazon.testPages.HomePageTest.HomePageTest" time="15.293" errors="0" timestamp="2022-07-12T19:34:37 EDT" skipped="0">
  <testcase classname="com.amazon.testPages.HomePageTest.HomePageTest" name="verifySearchProductUsingValidProductName" time="15.293"/>
  <system-out/>
</testsuite> <!-- com.amazon.testPages.HomePageTest.HomePageTest -->
